d:\jannik sonntag\gsp0916\gsp916\debug\vc140.pdb
d:\jannik sonntag\gsp0916\gsp916\debug\vc140.idb
d:\jannik sonntag\gsp0916\gsp916\debug\camera.obj
d:\jannik sonntag\gsp0916\gsp916\debug\first3dobject.obj
d:\jannik sonntag\gsp0916\gsp916\debug\fpsdisplay.obj
d:\jannik sonntag\gsp0916\gsp916\debug\input.obj
d:\jannik sonntag\gsp0916\gsp916\debug\main.obj
d:\jannik sonntag\gsp0916\gsp916\debug\mesh.obj
d:\jannik sonntag\gsp0916\gsp916\debug\rectangle.obj
d:\jannik sonntag\gsp0916\gsp916\debug\scene.obj
d:\jannik sonntag\gsp0916\gsp916\debug\scene3d.obj
d:\jannik sonntag\gsp0916\gsp916\debug\spritebatch.obj
d:\jannik sonntag\gsp0916\gsp916\debug\spritefont.obj
d:\jannik sonntag\gsp0916\gsp916\debug\system.obj
d:\jannik sonntag\gsp0916\gsp916\debug\texture.obj
d:\jannik sonntag\gsp0916\gsp916\debug\transform.obj
d:\jannik sonntag\gsp0916\gsp916\debug\material.obj
d:\jannik sonntag\gsp0916\gsp916\debug\meshrenderer.obj
d:\jannik sonntag\gsp0916\gsp916\debug\gameobject.obj
d:\gsp0916\gsp916\debug\vc120.pdb
d:\gsp0916\gsp916\debug\vc120.idb
d:\gsp0916\gsp916\debug\camera.obj
d:\gsp0916\gsp916\debug\first3dobject.obj
d:\gsp0916\gsp916\debug\fpsdisplay.obj
d:\gsp0916\gsp916\debug\gameobject.obj
d:\gsp0916\gsp916\debug\input.obj
d:\gsp0916\gsp916\debug\main.obj
d:\gsp0916\gsp916\debug\material.obj
d:\gsp0916\gsp916\debug\mesh.obj
d:\gsp0916\gsp916\debug\meshrenderer.obj
d:\gsp0916\gsp916\debug\rectangle.obj
d:\gsp0916\gsp916\debug\scene.obj
d:\gsp0916\gsp916\debug\scene3d.obj
d:\gsp0916\gsp916\debug\spritebatch.obj
d:\gsp0916\gsp916\debug\spritefont.obj
d:\gsp0916\gsp916\debug\system.obj
d:\gsp0916\gsp916\debug\texture.obj
d:\jannik sonntag\gsp0916\debug\first3dshader.cso
d:\jannik sonntag\gsp0916\debug\pshader.cso
d:\jannik sonntag\gsp0916\debug\spritebatch.cso
d:\jannik sonntag\gsp0916\debug\vshader.cso
d:\gsp0916\debug\first3dshader.cso
d:\gsp0916\debug\pshader.cso
d:\gsp0916\debug\spritebatch.cso
d:\gsp0916\debug\vshader.cso
d:\jannik sonntag\gsp0916\debug\gsp916.ilk
d:\jannik sonntag\gsp0916\debug\gsp916.exe
d:\jannik sonntag\gsp0916\debug\gsp916.pdb
d:\gsp0916\gsp916\debug\transform.obj
d:\gsp0916\gsp916\debug\vc140.idb
d:\gsp0916\gsp916\debug\vc140.pdb
d:\gsp0916\debug\gsp916.pdb
d:\gsp0916\gsp916\debug\gsp916.tlog\cl.command.1.tlog
d:\gsp0916\gsp916\debug\gsp916.tlog\cl.read.1.tlog
d:\gsp0916\gsp916\debug\gsp916.tlog\cl.write.1.tlog
d:\gsp0916\gsp916\debug\gsp916.tlog\gsp916.write.1u.tlog
d:\gsp0916\gsp916\debug\gsp916.tlog\link.command.1.tlog
d:\gsp0916\gsp916\debug\gsp916.tlog\link.read.1.tlog
d:\gsp0916\gsp916\debug\gsp916.tlog\link.write.1.tlog
d:\gsp0916\gsp916\debug\gsp916.tlog\link-rc.read.1.tlog
d:\gsp0916\gsp916\debug\gsp916.tlog\link-rc.write.1.tlog
d:\gsp0916\gsp916\debug\gsp916.tlog\link-cvtres.read.1.tlog
d:\gsp0916\gsp916\debug\gsp916.tlog\link-cvtres.write.1.tlog
