d:\jannik sonntag\repo_0916\gsp916\release\vc140.pdb
d:\jannik sonntag\repo_0916\gsp916\release\texture.obj
d:\jannik sonntag\repo_0916\gsp916\release\system.obj
d:\jannik sonntag\repo_0916\gsp916\release\spritefont.obj
d:\jannik sonntag\repo_0916\gsp916\release\spritebatch.obj
d:\jannik sonntag\repo_0916\gsp916\release\scene.obj
d:\jannik sonntag\repo_0916\gsp916\release\rectangle.obj
d:\jannik sonntag\repo_0916\gsp916\release\main.obj
d:\jannik sonntag\repo_0916\gsp916\release\fpsdisplay.obj
d:\gsp0916\gsp916\release\vc120.pdb
d:\gsp0916\gsp916\release\transform.obj
d:\gsp0916\gsp916\release\texture.obj
d:\gsp0916\gsp916\release\system.obj
d:\gsp0916\gsp916\release\spritefont.obj
d:\gsp0916\gsp916\release\spritebatch.obj
d:\gsp0916\gsp916\release\scene3d.obj
d:\gsp0916\gsp916\release\scene.obj
d:\gsp0916\gsp916\release\rectangle.obj
d:\gsp0916\gsp916\release\meshrenderer.obj
d:\gsp0916\gsp916\release\mesh.obj
d:\gsp0916\gsp916\release\shader.obj
d:\gsp0916\gsp916\release\material.obj
d:\gsp0916\gsp916\release\main.obj
d:\gsp0916\gsp916\release\input.obj
d:\gsp0916\gsp916\release\gameobject.obj
d:\gsp0916\gsp916\release\fpsdisplay.obj
d:\gsp0916\gsp916\release\first3dobject.obj
d:\gsp0916\gsp916\release\camera.obj
d:\jannik sonntag\repo_0916\release\pshader.cso
d:\jannik sonntag\repo_0916\release\spritebatch.cso
d:\jannik sonntag\repo_0916\release\vshader.cso
d:\gsp0916\release\first3dshader.cso
d:\gsp0916\release\pshader.cso
d:\gsp0916\release\spritebatch.cso
d:\gsp0916\release\vshader.cso
d:\gsp0916\gsp916\release\gsp916.tlog\cl.command.1.tlog
d:\gsp0916\gsp916\release\gsp916.tlog\cl.read.1.tlog
d:\gsp0916\gsp916\release\gsp916.tlog\cl.write.1.tlog
d:\gsp0916\gsp916\release\gsp916.tlog\gsp916.write.1u.tlog
d:\gsp0916\gsp916\release\gsp916.tlog\link.command.1.tlog
d:\gsp0916\gsp916\release\gsp916.tlog\link.read.1.tlog
d:\gsp0916\gsp916\release\gsp916.tlog\link.write.1.tlog
