f:\sonntag_jannik\gsp0916\gsp916\x64\debug\vc120.pdb
f:\sonntag_jannik\gsp0916\gsp916\x64\debug\vc120.idb
f:\sonntag_jannik\gsp0916\gsp916\x64\debug\camera.obj
f:\sonntag_jannik\gsp0916\gsp916\x64\debug\first3dobject.obj
f:\sonntag_jannik\gsp0916\gsp916\x64\debug\fpsdisplay.obj
f:\sonntag_jannik\gsp0916\gsp916\x64\debug\input.obj
f:\sonntag_jannik\gsp0916\gsp916\x64\debug\main.obj
f:\sonntag_jannik\gsp0916\gsp916\x64\debug\rectangle.obj
f:\sonntag_jannik\gsp0916\gsp916\x64\debug\scene.obj
f:\sonntag_jannik\gsp0916\gsp916\x64\debug\scene3d.obj
f:\sonntag_jannik\gsp0916\gsp916\x64\debug\spritebatch.obj
f:\sonntag_jannik\gsp0916\gsp916\x64\debug\spritefont.obj
f:\sonntag_jannik\gsp0916\gsp916\x64\debug\system.obj
f:\sonntag_jannik\gsp0916\gsp916\x64\debug\texture.obj
f:\sonntag_jannik\gsp0916\gsp916\x64\debug\transform.obj
f:\sonntag_jannik\gsp0916\x64\debug\first3dshader.cso
f:\sonntag_jannik\gsp0916\x64\debug\pshader.cso
f:\sonntag_jannik\gsp0916\x64\debug\spritebatch.cso
f:\sonntag_jannik\gsp0916\x64\debug\vshader.cso
f:\sonntag_jannik\gsp0916\x64\debug\gsp916.pdb
f:\sonntag_jannik\gsp0916\gsp916\x64\debug\gsp916.tlog\cl.command.1.tlog
f:\sonntag_jannik\gsp0916\gsp916\x64\debug\gsp916.tlog\cl.read.1.tlog
f:\sonntag_jannik\gsp0916\gsp916\x64\debug\gsp916.tlog\cl.write.1.tlog
f:\sonntag_jannik\gsp0916\gsp916\x64\debug\gsp916.tlog\gsp916.write.1u.tlog
f:\sonntag_jannik\gsp0916\gsp916\x64\debug\gsp916.tlog\link-cvtres.read.1.tlog
f:\sonntag_jannik\gsp0916\gsp916\x64\debug\gsp916.tlog\link-cvtres.write.1.tlog
f:\sonntag_jannik\gsp0916\gsp916\x64\debug\gsp916.tlog\link-rc.read.1.tlog
f:\sonntag_jannik\gsp0916\gsp916\x64\debug\gsp916.tlog\link-rc.write.1.tlog
f:\sonntag_jannik\gsp0916\gsp916\x64\debug\gsp916.tlog\link.command.1.tlog
f:\sonntag_jannik\gsp0916\gsp916\x64\debug\gsp916.tlog\link.read.1.tlog
f:\sonntag_jannik\gsp0916\gsp916\x64\debug\gsp916.tlog\link.write.1.tlog
